<?xml version="1.0" encoding="UTF-8"?>
<!-- Generated by org.testng.reporters.JUnitReportReporter -->
<testsuite hostname="Friday" failures="0" tests="1" name="demo.git.Github" time="8.795" errors="0" timestamp="2023-01-06T13:16:08 IST" skipped="0">
  <testcase classname="demo.git.Github" name="tast" time="8.795"/>
  <system-out/>
</testsuite> <!-- demo.git.Github -->
